%!Adobe-FontList 1.14
%Locale:0x419

%BeginFont
Handler:DirectoryHandler
FontType:Invalid
OutlineFileName:D:\_html\usual\_Plumbing\html\src\Font\demo.html
FileModTime:1609836722
%EndFont

%BeginFont
Handler:DirectoryHandler
FontType:Invalid
OutlineFileName:D:\_html\usual\_Plumbing\html\src\Font\Read Me.txt
FileModTime:1609836722
%EndFont

%BeginFont
Handler:DirectoryHandler
FontType:Invalid
OutlineFileName:D:\_html\usual\_Plumbing\html\src\Font\selection.json
FileModTime:1609836722
%EndFont

%BeginFont
Handler:DirectoryHandler
FontType:Invalid
OutlineFileName:D:\_html\usual\_Plumbing\html\src\Font\style.css
FileModTime:1609836722
%EndFont

%BeginFont
Handler:DirectoryHandler
FontType:Invalid
OutlineFileName:D:\_html\usual\_Plumbing\html\src\Font\style.min.css
FileModTime:1609836722
%EndFont

%BeginFont
Handler:DirectoryHandler
FontType:Invalid
OutlineFileName:D:\_html\usual\_Plumbing\html\src\Font\fonts\font-icon.eot
FileModTime:1609836722
%EndFont

%BeginFont
Handler:DirectoryHandler
FontType:Invalid
OutlineFileName:D:\_html\usual\_Plumbing\html\src\Font\fonts\font-icon.svg
FileModTime:1609836722
%EndFont

%BeginFont
Handler:DirectoryHandler
FontType:TrueType
FontName:font-icon
FamilyName:font-icon
StyleName:Regular
FullName:font-icon
MenuName:font-icon
StyleBits:0
FamilyNameNative:
StyleNameNative:Regular
FullNameNative:
WritingScript:Korean
OutlineFileName:D:\_html\usual\_Plumbing\html\src\Font\fonts\font-icon.ttf
DataFormat:sfntData
FileLength:27744
FileModTime:1609836722
WeightClass:400
WidthClass:5
AngleClass:0
%EndFont

%BeginFont
Handler:DirectoryHandler
FontType:Invalid
OutlineFileName:D:\_html\usual\_Plumbing\html\src\Font\fonts\font-icon.woff
FileModTime:1609836722
%EndFont

%BeginFont
Handler:DirectoryHandler
FontType:Invalid
OutlineFileName:D:\_html\usual\_Plumbing\html\src\Font\demo-files\demo.css
FileModTime:1609836722
%EndFont

%BeginFont
Handler:DirectoryHandler
FontType:Invalid
OutlineFileName:D:\_html\usual\_Plumbing\html\src\Font\demo-files\demo.js
FileModTime:1609836722
%EndFont

